<?xml version="1.0" encoding="UTF-8"?>
<!-- Generated by org.testng.reporters.JUnitReportReporter -->
<testsuite skipped="0" hostname="DESKTOP-H6MK8S6" name="LoginTestCases.BothCorrectusernameandPassword" tests="1" failures="0" timestamp="2020-12-12T18:01:06 IST" time="14.974" errors="0">
  <testcase name="bothcorrectusnmpswd" time="14.974" classname="LoginTestCases.BothCorrectusernameandPassword"/>
  <system-out/>
</testsuite> <!-- LoginTestCases.BothCorrectusernameandPassword -->
