<?xml version="1.0" encoding="UTF-8"?>
<!-- Generated by org.testng.reporters.JUnitReportReporter -->
<testsuite skipped="0" hostname="DESKTOP-H6MK8S6" name="LoginTestCases_usingParameters.BothCorrectusernameandPassword" tests="1" failures="0" timestamp="2020-12-12T18:10:41 IST" time="15.808" errors="0">
  <testcase name="bothcorrectusnmpswd" time="15.808" classname="LoginTestCases_usingParameters.BothCorrectusernameandPassword"/>
  <system-out/>
</testsuite> <!-- LoginTestCases_usingParameters.BothCorrectusernameandPassword -->
