<?xml version="1.0" encoding="UTF-8"?>
<!-- Generated by org.testng.reporters.JUnitReportReporter -->
<testsuite skipped="0" hostname="DESKTOP-H6MK8S6" name="LoginTestCase_UsingDatadriven.Login" tests="4" failures="0" timestamp="2020-12-12T18:39:15 IST" time="63.722" errors="0">
  <testcase name="LoginApplication" time="15.141" classname="LoginTestCase_UsingDatadriven.Login"/>
  <system-out/>
  <testcase name="LoginApplication" time="17.599" classname="LoginTestCase_UsingDatadriven.Login"/>
  <system-out/>
  <testcase name="LoginApplication" time="15.733" classname="LoginTestCase_UsingDatadriven.Login"/>
  <system-out/>
  <testcase name="LoginApplication" time="15.249" classname="LoginTestCase_UsingDatadriven.Login"/>
  <system-out/>
</testsuite> <!-- LoginTestCase_UsingDatadriven.Login -->
