<?xml version="1.0" encoding="UTF-8"?>
<!-- Generated by org.testng.reporters.JUnitReportReporter -->
<testsuite skipped="0" hostname="DESKTOP-H6MK8S6" name="LoginTestCase_UsingDataProvider.Login" tests="4" failures="0" timestamp="2020-12-12T19:11:00 IST" time="68.190" errors="0">
  <testcase name="LoginApplication" time="16.211" classname="LoginTestCase_UsingDataProvider.Login"/>
  <system-out/>
  <testcase name="LoginApplication" time="18.839" classname="LoginTestCase_UsingDataProvider.Login"/>
  <system-out/>
  <testcase name="LoginApplication" time="16.438" classname="LoginTestCase_UsingDataProvider.Login"/>
  <system-out/>
  <testcase name="LoginApplication" time="16.702" classname="LoginTestCase_UsingDataProvider.Login"/>
  <system-out/>
</testsuite> <!-- LoginTestCase_UsingDataProvider.Login -->
