<?xml version="1.0" encoding="UTF-8"?>
<!-- Generated by org.testng.reporters.JUnitReportReporter -->
<testsuite skipped="0" hostname="DESKTOP-H6MK8S6" name="LoginTestCases.CorrectPassword" tests="1" failures="0" timestamp="2020-12-12T18:01:07 IST" time="14.474" errors="0">
  <testcase name="correctpswd" time="14.474" classname="LoginTestCases.CorrectPassword"/>
  <system-out/>
</testsuite> <!-- LoginTestCases.CorrectPassword -->
