<?xml version="1.0" encoding="UTF-8"?>
<!-- Generated by org.testng.reporters.JUnitReportReporter -->
<testsuite skipped="0" hostname="DESKTOP-H6MK8S6" name="LoginTestCases.BothInCorrectusernameandPassword" tests="1" failures="0" timestamp="2020-12-12T18:01:06 IST" time="14.788" errors="0">
  <testcase name="incorrectusnmpswd" time="14.788" classname="LoginTestCases.BothInCorrectusernameandPassword"/>
  <system-out/>
</testsuite> <!-- LoginTestCases.BothInCorrectusernameandPassword -->
