<?xml version="1.0" encoding="UTF-8"?>
<!-- Generated by org.testng.reporters.JUnitReportReporter -->
<testsuite skipped="0" hostname="DESKTOP-H6MK8S6" name="LoginTestCae_UsingDataDriven.Login1_jxl" tests="7" failures="0" timestamp="2021-01-12T10:10:02 IST" time="26.260" errors="0">
  <testcase name="LoginApplication" time="1.950" classname="LoginTestCae_UsingDataDriven.Login1_jxl"/>
  <system-out/>
  <testcase name="LoginApplication" time="1.977" classname="LoginTestCae_UsingDataDriven.Login1_jxl"/>
  <system-out/>
  <testcase name="LoginApplication" time="12.517" classname="LoginTestCae_UsingDataDriven.Login1_jxl"/>
  <system-out/>
  <testcase name="LoginApplication" time="3.144" classname="LoginTestCae_UsingDataDriven.Login1_jxl"/>
  <system-out/>
  <testcase name="LoginApplication" time="1.992" classname="LoginTestCae_UsingDataDriven.Login1_jxl"/>
  <system-out/>
  <testcase name="LoginApplication" time="2.780" classname="LoginTestCae_UsingDataDriven.Login1_jxl"/>
  <system-out/>
  <testcase name="LoginApplication" time="1.900" classname="LoginTestCae_UsingDataDriven.Login1_jxl"/>
  <system-out/>
</testsuite> <!-- LoginTestCae_UsingDataDriven.Login1_jxl -->
