<?xml version="1.0" encoding="UTF-8"?>
<!-- Generated by org.testng.reporters.JUnitReportReporter -->
<testsuite skipped="0" hostname="DESKTOP-H6MK8S6" name="LoginTestCae_UsingDataDriven.Login1" tests="7" failures="0" timestamp="2020-12-13T18:22:09 IST" time="22.164" errors="0">
  <testcase name="LoginApplication" time="2.120" classname="LoginTestCae_UsingDataDriven.Login1"/>
  <system-out/>
  <testcase name="LoginApplication" time="2.067" classname="LoginTestCae_UsingDataDriven.Login1"/>
  <system-out/>
  <testcase name="LoginApplication" time="1.985" classname="LoginTestCae_UsingDataDriven.Login1"/>
  <system-out/>
  <testcase name="LoginApplication" time="8.792" classname="LoginTestCae_UsingDataDriven.Login1"/>
  <system-out/>
  <testcase name="LoginApplication" time="2.641" classname="LoginTestCae_UsingDataDriven.Login1"/>
  <system-out/>
  <testcase name="LoginApplication" time="2.061" classname="LoginTestCae_UsingDataDriven.Login1"/>
  <system-out/>
  <testcase name="LoginApplication" time="2.498" classname="LoginTestCae_UsingDataDriven.Login1"/>
  <system-out/>
</testsuite> <!-- LoginTestCae_UsingDataDriven.Login1 -->
