<?xml version="1.0" encoding="UTF-8"?>
<!-- Generated by org.testng.reporters.JUnitReportReporter -->
<testsuite hostname="DESKTOP-H6MK8S6" name="TestNG.DependenciesManagement" tests="3" failures="0" timestamp="29 Jan 2021 12:17:34 GMT" time="0.029" errors="0">
  <testcase name="highersecondary" time="0.002" classname="TestNG.DependenciesManagement"/>
  <testcase name="engineering" time="0.003" classname="TestNG.DependenciesManagement"/>
  <testcase name="tenth" time="0.024" classname="TestNG.DependenciesManagement"/>
</testsuite> <!-- TestNG.DependenciesManagement -->
