<?xml version="1.0" encoding="UTF-8"?>
<!-- Generated by org.testng.reporters.JUnitReportReporter -->
<testsuite hostname="DESKTOP-H6MK8S6" name="TestNG.TestNGParallelTesting" tests="2" failures="0" timestamp="12 Dec 2020 07:42:12 GMT" time="19.363" errors="0">
  <testcase name="opengoogle" time="9.688" classname="TestNG.TestNGParallelTesting"/>
  <testcase name="openbing" time="9.675" classname="TestNG.TestNGParallelTesting"/>
</testsuite> <!-- TestNG.TestNGParallelTesting -->
