<?xml version="1.0" encoding="UTF-8"?>
<!-- Generated by org.testng.reporters.JUnitReportReporter -->
<testsuite hostname="DESKTOP-H6MK8S6" name="TestNG.TestNGAssertions" tests="1" failures="0" timestamp="12 Dec 2020 08:22:34 GMT" time="0.048" errors="0">
  <testcase name="checkequal" time="0.048" classname="TestNG.TestNGAssertions"/>
</testsuite> <!-- TestNG.TestNGAssertions -->
