<?xml version="1.0" encoding="UTF-8"?>
<!-- Generated by org.testng.reporters.JUnitReportReporter -->
<testsuite hostname="DESKTOP-H6MK8S6" name="TestNG.TestNGParamerization" tests="1" failures="0" timestamp="12 Dec 2020 06:26:53 GMT" time="0.025" errors="0">
  <testcase name="printname" time="0.025" classname="TestNG.TestNGParamerization"/>
</testsuite> <!-- TestNG.TestNGParamerization -->
