<?xml version="1.0" encoding="UTF-8"?>
<!-- Generated by org.testng.reporters.JUnitReportReporter -->
<testsuite hostname="DESKTOP-H6MK8S6" name="TestNG.TestNGSuite" tests="3" failures="0" timestamp="12 Dec 2020 05:12:48 GMT" time="24.910" errors="0">
  <testcase name="OpenYahoo" time="21.852" classname="TestNG.TestNGSuite"/>
  <testcase name="OpenBing" time="0.671" classname="TestNG.TestNGSuite"/>
  <testcase name="OpenGoogle" time="2.387" classname="TestNG.TestNGSuite"/>
</testsuite> <!-- TestNG.TestNGSuite -->
