<?xml version="1.0" encoding="UTF-8"?>
<!-- Generated by org.testng.reporters.JUnitReportReporter -->
<testsuite hostname="DESKTOP-H6MK8S6" name="TestNG.SampleTestCase" tests="1" failures="0" timestamp="12 Dec 2020 10:57:10 GMT" time="0.027" errors="0">
  <testcase name="firsttestcase" time="0.027" classname="TestNG.SampleTestCase"/>
</testsuite> <!-- TestNG.SampleTestCase -->
