<?xml version="1.0" encoding="UTF-8"?>
<!-- Generated by org.testng.reporters.JUnitReportReporter -->
<testsuite hostname="DESKTOP-H6MK8S6" name="TestNG.DriveACar" tests="5" failures="0" timestamp="12 Dec 2020 05:19:57 GMT" time="0.038" errors="0">
  <testcase name="startthecar" time="0.006" classname="TestNG.DriveACar"/>
  <testcase name="Putfirstgear" time="0.006" classname="TestNG.DriveACar"/>
  <testcase name="Putsecondgear" time="0.004" classname="TestNG.DriveACar"/>
  <testcase name="putthirdgear" time="0.003" classname="TestNG.DriveACar"/>
  <testcase name="putfourthgear" time="0.019" classname="TestNG.DriveACar"/>
</testsuite> <!-- TestNG.DriveACar -->
