<?xml version="1.0" encoding="UTF-8"?>
<!-- Generated by org.testng.reporters.JUnitReportReporter -->
<testsuite hostname="DESKTOP-H6MK8S6" name="TestNG.TestNGAnnotationHierarchy" tests="1" failures="0" timestamp="29 Jan 2021 12:26:50 GMT" time="0.008" errors="0">
  <testcase name="test" time="0.008" classname="TestNG.TestNGAnnotationHierarchy"/>
</testsuite> <!-- TestNG.TestNGAnnotationHierarchy -->
