<?xml version="1.0" encoding="UTF-8"?>
<!-- Generated by org.testng.reporters.JUnitReportReporter -->
<testsuite hostname="DESKTOP-H6MK8S6" name="Testcases.Test_Pending_Leave_Request" tests="1" failures="0" timestamp="1 Jan 2021 12:48:55 GMT" time="3.495" errors="0">
  <testcase name="verifyPendingLeaveRequest" time="3.495" classname="Testcases.Test_Pending_Leave_Request"/>
</testsuite> <!-- Testcases.Test_Pending_Leave_Request -->
